2026-01-31 07:48:40,101 -INFO - Ingesting .ipynb_checkpoints in db
2026-01-31 07:49:26,593 -INFO - Ingesting begin_inventory.csv in db
2026-01-31 07:49:28,057 -INFO - Ingesting end_inventory.csv in db
2026-01-31 07:49:32,855 -INFO - Ingesting purchases.csv in db
2026-01-31 07:50:03,099 -INFO - Ingesting purchase_prices.csv in db
2026-01-31 07:50:17,691 -INFO - Ingesting sales.csv in db
2026-01-31 08:09:44,160 -INFO - Ingesting begin_inventory.csv in db
2026-01-31 08:09:46,174 -INFO - Ingesting end_inventory.csv in db
2026-01-31 08:09:51,860 -INFO - Ingesting purchases.csv in db
2026-01-31 08:10:26,346 -INFO - Ingesting purchase_prices.csv in db
2026-01-31 08:10:39,318 -INFO - Ingesting sales.csv in db
2026-01-31 08:14:38,211 -INFO - Ingesting vendor_invoice.csv in db
2026-01-31 08:14:38,297 -INFO - -------------Ingestion Complete------------
2026-01-31 08:14:38,297 -INFO - Total Time Taken: 4.905674461523692 minutes
2026-01-31 21:20:07,380 -INFO - Creating Vendor Summary Table.....
2026-01-31 21:20:34,263 -INFO -    VendorNumber                   VendorName  Brand              Description  \
0          1128  BROWN-FORMAN CORP             1233  Jack Daniels No 7 Black   
1          4425        MARTIGNETTI COMPANIES   3405    Tito's Handmade Vodka   
2         17035  PERNOD RICARD USA             8068         Absolut 80 Proof   
3          3960  DIAGEO NORTH AMERICA INC      4261   Capt Morgan Spiced Rum   
4          3960  DIAGEO NORTH AMERICA INC      3545          Ketel One Vodka   

   PurchasePrice  ActualPrice Volume  TotalPurchaseQuantity  \
0          26.27        36.99   1750                 145080   
1          23.19        28.99   1750                 164038   
2          18.24        24.99   1750                 187407   
3          16.17        22.99   1750                 201682   
4          21.89        29.99   1750                 138109   

   TotalPurchaseDollars  TotalSalesQuantity  TotalSalesDollars  \
0            3811251.60            142049.0         5101919.51   
1            3804041.22            160247.0         4819073.49   
2            3418303.68            187140.0         4538120.60   
3            3261197.94            200412.0         4475972.88   
4            3023206.01            135838.0         4223107.62   

   TotalSalesPrice  TotalExciseTax  FreightCost  
0        672819.31       260999.20     68601.68  
1        561512.37       294438.66    144929.24  
2        461140.15       343854.07    123780.22  
3        420050.01       368242.80    257032.07  
4        545778.28       249587.83    257032.07  
2026-01-31 21:20:34,266 -INFO - Cleaning Data.....
2026-01-31 21:20:34,272 -INFO -    VendorNumber                VendorName  Brand              Description  \
0          1128         BROWN-FORMAN CORP   1233  Jack Daniels No 7 Black   
1          4425     MARTIGNETTI COMPANIES   3405    Tito's Handmade Vodka   
2         17035         PERNOD RICARD USA   8068         Absolut 80 Proof   
3          3960  DIAGEO NORTH AMERICA INC   4261   Capt Morgan Spiced Rum   
4          3960  DIAGEO NORTH AMERICA INC   3545          Ketel One Vodka   

   PurchasePrice  ActualPrice  Volume  TotalPurchaseQuantity  \
0          26.27        36.99  1750.0                 145080   
1          23.19        28.99  1750.0                 164038   
2          18.24        24.99  1750.0                 187407   
3          16.17        22.99  1750.0                 201682   
4          21.89        29.99  1750.0                 138109   

   TotalPurchaseDollars  TotalSalesQuantity  TotalSalesDollars  \
0            3811251.60            142049.0         5101919.51   
1            3804041.22            160247.0         4819073.49   
2            3418303.68            187140.0         4538120.60   
3            3261197.94            200412.0         4475972.88   
4            3023206.01            135838.0         4223107.62   

   TotalSalesPrice  TotalExciseTax  FreightCost  
0        672819.31       260999.20     68601.68  
1        561512.37       294438.66    144929.24  
2        461140.15       343854.07    123780.22  
3        420050.01       368242.80    257032.07  
4        545778.28       249587.83    257032.07  
2026-01-31 21:20:34,275 -INFO - Ingesting data.....
2026-01-31 21:20:34,317 -INFO - Completed
